#
# There is insufficient memory for the Java Runtime Environment to continue.
# Native memory allocation (mmap) failed to map 58720256 bytes for G1 virtual space
# Possible reasons:
#   The system is out of physical RAM or swap space
#   The process is running with CompressedOops enabled, and the Java Heap may be blocking the growth of the native heap
# Possible solutions:
#   Reduce memory load on the system
#   Increase physical memory or swap space
#   Check if swap backing store is full
#   Decrease Java heap size (-Xmx/-Xms)
#   Decrease number of Java threads
#   Decrease Java thread stack sizes (-Xss)
#   Set larger code cache with -XX:ReservedCodeCacheSize=
#   JVM is running with Unscaled Compressed Oops mode in which the Java heap is
#     placed in the first 4GB address space. The Java Heap base address is the
#     maximum limit for the native heap growth. Please use -XX:HeapBaseMinAddress
#     to set the Java Heap base and to place the Java Heap above 4GB virtual address.
# This output file may be truncated or incomplete.
#
#  Out of Memory Error (os_windows.cpp:3613), pid=39480, tid=43628
#
# JRE version:  (17.0.10+7) (build )
# Java VM: OpenJDK 64-Bit Server VM (17.0.10+7, mixed mode, sharing, tiered, compressed oops, compressed class ptrs, g1 gc, windows-amd64)
# No core dump will be written. Minidumps are not enabled by default on client versions of Windows
#

---------------  S U M M A R Y ------------

Command Line: -Dfile.encoding=UTF-8 -Dstdout.encoding=UTF-8 -Dstderr.encoding=UTF-8 --module-path=C:\Users\johan\eclipse-workspace\cajero\bin -XX:+ShowCodeDetailsInExceptionMessages -Djdk.module.main=Ejercicio_Cajero Ejercicio_Cajero/ejejijio.Aplication

Host: AMD 3020e with Radeon Graphics                 , 2 cores, 3G,  Windows 10 , 64 bit Build 19041 (10.0.19041.3636)
Time: Sat Apr 20 00:22:08 2024 Hora est. Pacífico, Sudamérica elapsed time: 0.104849 seconds (0d 0h 0m 0s)

---------------  T H R E A D  ---------------

Current thread (0x000001c6b10b15c0):  JavaThread "Unknown thread" [_thread_in_vm, id=43628, stack(0x000000031af00000,0x000000031b000000)]

Stack: [0x000000031af00000,0x000000031b000000]
Native frames: (J=compiled Java code, j=interpreted, Vv=VM code, C=native code)
V  [jvm.dll+0x67d2c9]
V  [jvm.dll+0x834afa]
V  [jvm.dll+0x8365be]
V  [jvm.dll+0x836c23]
V  [jvm.dll+0x2477ff]
V  [jvm.dll+0x67a109]
V  [jvm.dll+0x66eb7a]
V  [jvm.dll+0x30764b]
V  [jvm.dll+0x30eaf6]
V  [jvm.dll+0x35e83e]
V  [jvm.dll+0x35ea6f]
V  [jvm.dll+0x2de248]
V  [jvm.dll+0x2df1b4]
V  [jvm.dll+0x806361]
V  [jvm.dll+0x36c6f1]
V  [jvm.dll+0x7e4e06]
V  [jvm.dll+0x3eff3f]
V  [jvm.dll+0x3f1b71]
C  [jli.dll+0x528f]
C  [ucrtbase.dll+0x21bb2]
C  [KERNEL32.DLL+0x17344]
C  [ntdll.dll+0x526b1]


---------------  P R O C E S S  ---------------

Threads class SMR info:
_java_thread_list=0x00007ffe24c1ee98, length=0, elements={
}

Java Threads: ( => current thread )

Other Threads:
  0x000001c6b10e8dd0 GCTaskThread "GC Thread#0" [stack: 0x000000031b000000,0x000000031b100000] [id=22164]
  0x000001c6b10f0b60 ConcurrentGCThread "G1 Main Marker" [stack: 0x000000031b100000,0x000000031b200000] [id=45228]
  0x000001c6b10f1580 ConcurrentGCThread "G1 Conc#0" [stack: 0x000000031b200000,0x000000031b300000] [id=43928]

[error occurred during error reporting (printing all threads), id 0xc0000005, EXCEPTION_ACCESS_VIOLATION (0xc0000005) at pc=0x00007ffe243dec87]

VM state: not at safepoint (not fully initialized)

VM Mutex/Monitor currently owned by a thread:  ([mutex/lock_event])
[0x000001c6b10abcf0] Heap_lock - owner thread: 0x000001c6b10b15c0

Heap address: 0x00000000c8e00000, size: 882 MB, Compressed Oops mode: 32-bit

CDS archive(s) mapped at: [0x0000000000000000-0x0000000000000000-0x0000000000000000), size 0, SharedBaseAddress: 0x0000000800000000, ArchiveRelocationMode: 1.
Narrow klass base: 0x0000000000000000, Narrow klass shift: 0, Narrow klass range: 0x0

GC Precious Log:
<Empty>

Heap:
 garbage-first heap   total 0K, used 0K [0x00000000c8e00000, 0x0000000100000000)
  region size 1024K, 0 young (0K), 0 survivors (0K)

[error occurred during error reporting (printing heap information), id 0xc0000005, EXCEPTION_ACCESS_VIOLATION (0xc0000005) at pc=0x00007ffe247c6fb9]

GC Heap History (0 events):
No events

Dll operation events (1 events):
Event: 0.038 Loaded shared library C:\Users\johan\.p2\pool\plugins\org.eclipse.justj.openjdk.hotspot.jre.full.win32.x86_64_17.0.10.v20240120-1143\jre\bin\java.dll

Deoptimization events (0 events):
No events

Classes unloaded (0 events):
No events

Classes redefined (0 events):
No events

Internal exceptions (0 events):
No events

VM Operations (0 events):
No events

Events (0 events):
No events


Dynamic libraries:
0x00007ff72faf0000 - 0x00007ff72fafe000 	C:\Users\johan\.p2\pool\plugins\org.eclipse.justj.openjdk.hotspot.jre.full.win32.x86_64_17.0.10.v20240120-1143\jre\bin\javaw.exe
0x00007ffeb4df0000 - 0x00007ffeb4fe8000 	C:\WINDOWS\SYSTEM32\ntdll.dll
0x00007ffe90810000 - 0x00007ffe90829000 	C:\Program Files\Avast Software\Avast\aswhook.dll
0x00007ffeb3590000 - 0x00007ffeb364d000 	C:\WINDOWS\System32\KERNEL32.DLL
0x00007ffeb25a0000 - 0x00007ffeb2896000 	C:\WINDOWS\System32\KERNELBASE.dll
0x00007ffeb24a0000 - 0x00007ffeb25a0000 	C:\WINDOWS\System32\ucrtbase.dll
0x00007ffeac850000 - 0x00007ffeac867000 	C:\Users\johan\.p2\pool\plugins\org.eclipse.justj.openjdk.hotspot.jre.full.win32.x86_64_17.0.10.v20240120-1143\jre\bin\jli.dll
0x00007ffeb3780000 - 0x00007ffeb391f000 	C:\WINDOWS\System32\USER32.dll
0x00007ffeb2df0000 - 0x00007ffeb2e12000 	C:\WINDOWS\System32\win32u.dll
0x00007ffeb4020000 - 0x00007ffeb404b000 	C:\WINDOWS\System32\GDI32.dll
0x00007ffeb2b80000 - 0x00007ffeb2c97000 	C:\WINDOWS\System32\gdi32full.dll
0x00007ffeb2a00000 - 0x00007ffeb2a9d000 	C:\WINDOWS\System32\msvcp_win.dll
0x00007ffeac830000 - 0x00007ffeac84b000 	C:\Users\johan\.p2\pool\plugins\org.eclipse.justj.openjdk.hotspot.jre.full.win32.x86_64_17.0.10.v20240120-1143\jre\bin\VCRUNTIME140.dll
0x00007ffe98d60000 - 0x00007ffe98ffa000 	C:\WINDOWS\WinSxS\amd64_microsoft.windows.common-controls_6595b64144ccf1df_6.0.19041.3636_none_60b6a03d71f818d5\COMCTL32.dll
0x00007ffeb3210000 - 0x00007ffeb32ae000 	C:\WINDOWS\System32\msvcrt.dll
0x00007ffeb3c20000 - 0x00007ffeb3c52000 	C:\WINDOWS\System32\IMM32.DLL
0x00007ffeae340000 - 0x00007ffeae34c000 	C:\Users\johan\.p2\pool\plugins\org.eclipse.justj.openjdk.hotspot.jre.full.win32.x86_64_17.0.10.v20240120-1143\jre\bin\vcruntime140_1.dll
0x00007ffe781c0000 - 0x00007ffe7824d000 	C:\Users\johan\.p2\pool\plugins\org.eclipse.justj.openjdk.hotspot.jre.full.win32.x86_64_17.0.10.v20240120-1143\jre\bin\msvcp140.dll
0x00007ffe240f0000 - 0x00007ffe24d52000 	C:\Users\johan\.p2\pool\plugins\org.eclipse.justj.openjdk.hotspot.jre.full.win32.x86_64_17.0.10.v20240120-1143\jre\bin\server\jvm.dll
0x00007ffeb3b70000 - 0x00007ffeb3c20000 	C:\WINDOWS\System32\ADVAPI32.dll
0x00007ffeb3d20000 - 0x00007ffeb3dc0000 	C:\WINDOWS\System32\sechost.dll
0x00007ffeb3460000 - 0x00007ffeb3583000 	C:\WINDOWS\System32\RPCRT4.dll
0x00007ffeb2dc0000 - 0x00007ffeb2de7000 	C:\WINDOWS\System32\bcrypt.dll
0x00007ffeb2300000 - 0x00007ffeb234b000 	C:\WINDOWS\SYSTEM32\POWRPROF.dll
0x00007ffe9ccc0000 - 0x00007ffe9ccc9000 	C:\WINDOWS\SYSTEM32\WSOCK32.dll
0x00007ffeb3b00000 - 0x00007ffeb3b6b000 	C:\WINDOWS\System32\WS2_32.dll
0x00007ffea81f0000 - 0x00007ffea81fa000 	C:\WINDOWS\SYSTEM32\VERSION.dll
0x00007ffea0440000 - 0x00007ffea0467000 	C:\WINDOWS\SYSTEM32\WINMM.dll
0x00007ffeb22e0000 - 0x00007ffeb22f2000 	C:\WINDOWS\SYSTEM32\UMPDC.dll
0x00007ffeb0330000 - 0x00007ffeb0342000 	C:\WINDOWS\SYSTEM32\kernel.appcore.dll
0x00007ffeacf30000 - 0x00007ffeacf3a000 	C:\Users\johan\.p2\pool\plugins\org.eclipse.justj.openjdk.hotspot.jre.full.win32.x86_64_17.0.10.v20240120-1143\jre\bin\jimage.dll
0x00007ffeaad40000 - 0x00007ffeaaf24000 	C:\WINDOWS\SYSTEM32\DBGHELP.DLL
0x00007ffea9250000 - 0x00007ffea9284000 	C:\WINDOWS\SYSTEM32\dbgcore.DLL
0x00007ffeb2aa0000 - 0x00007ffeb2b22000 	C:\WINDOWS\System32\bcryptPrimitives.dll
0x00007ffea22b0000 - 0x00007ffea22d5000 	C:\Users\johan\.p2\pool\plugins\org.eclipse.justj.openjdk.hotspot.jre.full.win32.x86_64_17.0.10.v20240120-1143\jre\bin\java.dll

dbghelp: loaded successfully - version: 4.0.5 - missing functions: none
symbol engine: initialized successfully - sym options: 0x614 - pdb path: .;C:\Users\johan\.p2\pool\plugins\org.eclipse.justj.openjdk.hotspot.jre.full.win32.x86_64_17.0.10.v20240120-1143\jre\bin;C:\WINDOWS\SYSTEM32;C:\Program Files\Avast Software\Avast;C:\WINDOWS\WinSxS\amd64_microsoft.windows.common-controls_6595b64144ccf1df_6.0.19041.3636_none_60b6a03d71f818d5;C:\Users\johan\.p2\pool\plugins\org.eclipse.justj.openjdk.hotspot.jre.full.win32.x86_64_17.0.10.v20240120-1143\jre\bin\server

VM Arguments:
jvm_args: -Dfile.encoding=UTF-8 -Dstdout.encoding=UTF-8 -Dstderr.encoding=UTF-8 --module-path=C:\Users\johan\eclipse-workspace\cajero\bin -XX:+ShowCodeDetailsInExceptionMessages -Djdk.module.main=Ejercicio_Cajero 
java_command: Ejercicio_Cajero/ejejijio.Aplication
java_class_path (initial): <not set>
Launcher Type: SUN_STANDARD

[Global flags]
     intx CICompilerCount                          = 2                                         {product} {ergonomic}
     uint ConcGCThreads                            = 1                                         {product} {ergonomic}
     uint G1ConcRefinementThreads                  = 2                                         {product} {ergonomic}
   size_t G1HeapRegionSize                         = 1048576                                   {product} {ergonomic}
    uintx GCDrainStackTargetSize                   = 64                                        {product} {ergonomic}
   size_t InitialHeapSize                          = 58720256                                  {product} {ergonomic}
   size_t MarkStackSize                            = 4194304                                   {product} {ergonomic}
   size_t MaxHeapSize                              = 924844032                                 {product} {ergonomic}
   size_t MinHeapDeltaBytes                        = 1048576                                   {product} {ergonomic}
   size_t MinHeapSize                              = 8388608                                   {product} {ergonomic}
    uintx NonNMethodCodeHeapSize                   = 5826188                                {pd product} {ergonomic}
    uintx NonProfiledCodeHeapSize                  = 122916026                              {pd product} {ergonomic}
    uintx ProfiledCodeHeapSize                     = 122916026                              {pd product} {ergonomic}
    uintx ReservedCodeCacheSize                    = 251658240                              {pd product} {ergonomic}
     bool SegmentedCodeCache                       = true                                      {product} {ergonomic}
     bool ShowCodeDetailsInExceptionMessages       = true                                   {manageable} {command line}
   size_t SoftMaxHeapSize                          = 924844032                              {manageable} {ergonomic}
     bool UseCompressedClassPointers               = true                           {product lp64_product} {ergonomic}
     bool UseCompressedOops                        = true                           {product lp64_product} {ergonomic}
     bool UseG1GC                                  = true                                      {product} {ergonomic}
     bool UseLargePagesIndividualAllocation        = false                                  {pd product} {ergonomic}

Logging:
Log output configuration:
 #0: stdout all=warning uptime,level,tags
 #1: stderr all=off uptime,level,tags

Environment Variables:
PATH=C:/Users/johan/.p2/pool/plugins/org.eclipse.justj.openjdk.hotspot.jre.full.win32.x86_64_17.0.10.v20240120-1143/jre/bin/server;C:/Users/johan/.p2/pool/plugins/org.eclipse.justj.openjdk.hotspot.jre.full.win32.x86_64_17.0.10.v20240120-1143/jre/bin;C:\Program Files (x86)\Common Files\Oracle\Java\javapath;C:\ProgramData\Oracle\Java\javapath;C:\WINDOWS\system32;C:\WINDOWS;C:\WINDOWS\System32\Wbem;C:\WINDOWS\System32\WindowsPowerShell\v1.0\;C:\WINDOWS\System32\OpenSSH\;C:\Program Files\MATLAB\R2024a\bin;C:\Program Files\MATLAB\R2021b\bin;C:\Program Files\Git\cmd;C:\Program Files\HP\HP One Agent;C:\Users\johan\AppData\Local\Microsoft\WindowsApps;;C:\Users\johan\OneDrive\Escritorio;
USERNAME=johan
OS=Windows_NT
PROCESSOR_IDENTIFIER=AMD64 Family 23 Model 32 Stepping 1, AuthenticAMD
TMP=C:\Users\johan\AppData\Local\Temp
TEMP=C:\Users\johan\AppData\Local\Temp



Periodic native trim disabled


---------------  S Y S T E M  ---------------

OS:
 Windows 10 , 64 bit Build 19041 (10.0.19041.3636)
OS uptime: 5 days 22:40 hours

CPU: total 2 (initial active 2) (2 cores per cpu, 1 threads per core) family 23 model 32 stepping 1 microcode 0x0, cx8, cmov, fxsr, mmx, 3dnowpref, sse, sse2, sse3, ssse3, sse4a, sse4.1, sse4.2, popcnt, lzcnt, tsc, tscinvbit, avx, avx2, aes, clmul, bmi1, bmi2, adx, sha, fma, vzeroupper, clflush, clflushopt
Processor Information for all 2 processors :
  Max Mhz: 1200, Current Mhz: 1200, Mhz Limit: 1200

Memory: 4k page, system-wide physical 3526M (160M free)
TotalPageFile size 14278M (AvailPageFile size 38M)
current process WorkingSet (physical memory assigned to process): 10M, peak: 10M
current process commit charge ("private bytes"): 47M, peak: 103M

vm_info: OpenJDK 64-Bit Server VM (17.0.10+7) for windows-amd64 JRE (17.0.10+7), built on Jan 16 2024 23:25:11 by "admin" with MS VC++ 16.10 / 16.11 (VS2019)

END.
