#
# There is insufficient memory for the Java Runtime Environment to continue.
# Native memory allocation (mmap) failed to map 65536 bytes for Failed to commit metaspace.
# Possible reasons:
#   The system is out of physical RAM or swap space
#   The process is running with CompressedOops enabled, and the Java Heap may be blocking the growth of the native heap
# Possible solutions:
#   Reduce memory load on the system
#   Increase physical memory or swap space
#   Check if swap backing store is full
#   Decrease Java heap size (-Xmx/-Xms)
#   Decrease number of Java threads
#   Decrease Java thread stack sizes (-Xss)
#   Set larger code cache with -XX:ReservedCodeCacheSize=
#   JVM is running with Unscaled Compressed Oops mode in which the Java heap is
#     placed in the first 4GB address space. The Java Heap base address is the
#     maximum limit for the native heap growth. Please use -XX:HeapBaseMinAddress
#     to set the Java Heap base and to place the Java Heap above 4GB virtual address.
# This output file may be truncated or incomplete.
#
#  Out of Memory Error (virtualSpaceNode.cpp:110), pid=42456, tid=45080
#
# JRE version:  (17.0.10+7) (build )
# Java VM: OpenJDK 64-Bit Server VM (17.0.10+7, mixed mode, tiered, compressed oops, compressed class ptrs, g1 gc, windows-amd64)
# No core dump will be written. Minidumps are not enabled by default on client versions of Windows
#

---------------  S U M M A R Y ------------

Command Line: -Dfile.encoding=UTF-8 -Dstdout.encoding=UTF-8 -Dstderr.encoding=UTF-8 --module-path=C:\Users\johan\eclipse-workspace\cajero\bin -XX:+ShowCodeDetailsInExceptionMessages -Djdk.module.main=Ejercicio_Cajero Ejercicio_Cajero/ejejijio.Aplication

Host: AMD 3020e with Radeon Graphics                 , 2 cores, 3G,  Windows 10 , 64 bit Build 19041 (10.0.19041.3636)
Time: Sat Apr 20 00:04:35 2024 Hora est. Pacífico, Sudamérica elapsed time: 0.190628 seconds (0d 0h 0m 0s)

---------------  T H R E A D  ---------------

Current thread (0x000001cecaa81540):  JavaThread "main" [_thread_in_vm, id=45080, stack(0x0000002dcbf00000,0x0000002dcc000000)]

Stack: [0x0000002dcbf00000,0x0000002dcc000000]
Native frames: (J=compiled Java code, j=interpreted, Vv=VM code, C=native code)
V  [jvm.dll+0x67d2c9]
V  [jvm.dll+0x834afa]
V  [jvm.dll+0x8365be]
V  [jvm.dll+0x836c23]
V  [jvm.dll+0x2477ff]
V  [jvm.dll+0x8307bb]
V  [jvm.dll+0x621d16]
V  [jvm.dll+0x621d7a]
V  [jvm.dll+0x6245aa]
V  [jvm.dll+0x6226b6]
V  [jvm.dll+0x23bd4f]
V  [jvm.dll+0x62c565]
V  [jvm.dll+0x1eb80b]
V  [jvm.dll+0x1ebd45]
V  [jvm.dll+0x1ec800]
V  [jvm.dll+0x1e1c01]
V  [jvm.dll+0x5427ce]
V  [jvm.dll+0x1f2647]
V  [jvm.dll+0x7adf9b]
V  [jvm.dll+0x7af36c]
V  [jvm.dll+0x7af6b8]
V  [jvm.dll+0x23face]
V  [jvm.dll+0x23fd1f]
V  [jvm.dll+0x5609e3]
V  [jvm.dll+0x562e94]
V  [jvm.dll+0x38621b]
V  [jvm.dll+0x385cd2]
C  0x000001ced569897f

The last pc belongs to getstatic (printed below).
Java frames: (J=compiled Java code, j=interpreted, Vv=VM code)
j  java.util.ImmutableCollections$Set12.<init>(Ljava/lang/Object;)V+13 java.base
j  java.util.Set.of(Ljava/lang/Object;)Ljava/util/Set;+5 java.base
j  java.lang.Module.<clinit>()V+69 java.base
v  ~StubRoutines::call_stub
getstatic  178 getstatic  [0x000001ced56988e0, 0x000001ced5698ae0]  512 bytes
[MachCode]
  0x000001ced56988e0: 4883 ec08 | c5fa 1104 | 24eb 1f48 | 83ec 10c5 | fb11 0424 | eb14 4883 | ec10 4889 | 0424 48c7 
  0x000001ced5698900: 4424 0800 | 0000 00eb | 0150 410f | b755 0148 | 8b4d d0c1 | e202 8b5c | d120 c1eb | 1081 e3ff 
  0x000001ced5698920: 0000 0081 | fbb2 0000 | 000f 84b6 | 0000 00bb | b200 0000 | e805 0000 | 00e9 9b00 | 0000 488b 
  0x000001ced5698940: d348 8d44 | 2408 4c89 | 6dc0 498b | cfc5 f877 | 4989 afa8 | 0200 0049 | 8987 9802 | 0000 4883 
  0x000001ced5698960: ec20 f7c4 | 0f00 0000 | 0f84 1a00 | 0000 4883 | ec08 49ba | 705c 4724 | fe7f 0000 | 41ff d248 
  0x000001ced5698980: 83c4 08e9 | 0d00 0000 | 49ba 705c | 4724 fe7f | 0000 41ff | d248 83c4 | 2049 c787 | 9802 0000 
  0x000001ced56989a0: 0000 0000 | 49c7 87a8 | 0200 0000 | 0000 0049 | c787 a002 | 0000 0000 | 0000 c5f8 | 7749 817f 
  0x000001ced56989c0: 0800 0000 | 000f 8405 | 0000 00e9 | 3085 feff | 4c8b 6dc0 | 4c8b 75c8 | c341 0fb7 | 5501 488b 
  0x000001ced56989e0: 4dd0 c1e2 | 0248 8b5c | d130 8b44 | d138 4c8b | 4cd1 284d | 8b49 704d | 8b09 c1e8 | 1c83 e00f 
  0x000001ced5698a00: 0f85 0b00 | 0000 410f | be04 1950 | e9b1 0000 | 0083 f801 | 0f85 0b00 | 0000 410f | b604 1950 
  0x000001ced5698a20: e99d 0000 | 0083 f808 | 0f85 0a00 | 0000 418b | 0419 50e9 | 8a00 0000 | 83f8 040f | 850a 0000 
  0x000001ced5698a40: 0041 8b04 | 1950 e977 | 0000 0083 | f802 0f85 | 0b00 0000 | 410f b704 | 1950 e963 | 0000 0083 
  0x000001ced5698a60: f803 0f85 | 0b00 0000 | 410f bf04 | 1950 e94f | 0000 0083 | f805 0f85 | 1a00 0000 | 498b 0419 
  0x000001ced5698a80: 4883 ec10 | 4889 0424 | 48c7 4424 | 0800 0000 | 00e9 2c00 | 0000 83f8 | 060f 8514 | 0000 00c4 
  0x000001ced5698aa0: c17a 1004 | 1948 83ec | 08c5 fa11 | 0424 e90f | 0000 00c4 | c17b 1004 | 1948 83ec | 10c5 fb11 
  0x000001ced5698ac0: 0424 410f | b65d 0349 | 83c5 0349 | ba90 a9c9 | 24fe 7f00 | 0041 ff24 | da0f 1f80 | 0000 0000 
[/MachCode]

---------------  P R O C E S S  ---------------

Threads class SMR info:
_java_thread_list=0x000001cecab324c0, length=1, elements={
0x000001cecaa81540
}

Java Threads: ( => current thread )
=>0x000001cecaa81540 JavaThread "main" [_thread_in_vm, id=45080, stack(0x0000002dcbf00000,0x0000002dcc000000)]

Other Threads:
  0x000001cecab20140 VMThread "VM Thread" [stack: 0x0000002dcc500000,0x0000002dcc600000] [id=43056]
  0x000001cecaab8d50 GCTaskThread "GC Thread#0" [stack: 0x0000002dcc000000,0x0000002dcc100000] [id=43288]
  0x000001cecaac0ae0 ConcurrentGCThread "G1 Main Marker" [stack: 0x0000002dcc100000,0x0000002dcc200000] [id=42656]
  0x000001cecaac2720 ConcurrentGCThread "G1 Conc#0" [stack: 0x0000002dcc200000,0x0000002dcc300000] [id=27884]
  0x000001cecaaf5200 ConcurrentGCThread "G1 Refine#0" [stack: 0x0000002dcc300000,0x0000002dcc400000] [id=42208]
  0x000001cecaaf65e0 ConcurrentGCThread "G1 Service" [stack: 0x0000002dcc400000,0x0000002dcc500000] [id=34360]

Threads with active compile tasks:

VM state: not at safepoint (normal execution)

VM Mutex/Monitor currently owned by a thread:  ([mutex/lock_event])
[0x000001cecaa791b0] Metaspace_lock - owner thread: 0x000001cecaa81540

Heap address: 0x00000000c8e00000, size: 882 MB, Compressed Oops mode: 32-bit

CDS archive(s) not mapped
Compressed class space mapped at: 0x0000000100000000-0x0000000140000000, reserved size: 1073741824
Narrow klass base: 0x0000000000000000, Narrow klass shift: 3, Narrow klass range: 0x140000000

GC Precious Log:
 CPUs: 2 total, 2 available
 Memory: 3526M
 Large Page Support: Disabled
 NUMA Support: Disabled
 Compressed Oops: Enabled (32-bit)
 Heap Region Size: 1M
 Heap Min Capacity: 8M
 Heap Initial Capacity: 56M
 Heap Max Capacity: 882M
 Pre-touch: Disabled
 Parallel Workers: 2
 Concurrent Workers: 1
 Concurrent Refinement Workers: 2
 Periodic GC: Disabled

Heap:
 garbage-first heap   total 57344K, used 0K [0x00000000c8e00000, 0x0000000100000000)
  region size 1024K, 1 young (1024K), 0 survivors (0K)
 Metaspace       used 1455K, committed 1472K, reserved 1114112K
  class space    used 111K, committed 128K, reserved 1048576K

Heap Regions: E=young(eden), S=young(survivor), O=old, HS=humongous(starts), HC=humongous(continues), CS=collection set, F=free, OA=open archive, CA=closed archive, TAMS=top-at-mark-start (previous, next)
|   0|0x00000000c8e00000, 0x00000000c8e00000, 0x00000000c8f00000|  0%| F|  |TAMS 0x00000000c8e00000, 0x00000000c8e00000| Untracked 
|   1|0x00000000c8f00000, 0x00000000c8f00000, 0x00000000c9000000|  0%| F|  |TAMS 0x00000000c8f00000, 0x00000000c8f00000| Untracked 
|   2|0x00000000c9000000, 0x00000000c9000000, 0x00000000c9100000|  0%| F|  |TAMS 0x00000000c9000000, 0x00000000c9000000| Untracked 
|   3|0x00000000c9100000, 0x00000000c9100000, 0x00000000c9200000|  0%| F|  |TAMS 0x00000000c9100000, 0x00000000c9100000| Untracked 
|   4|0x00000000c9200000, 0x00000000c9200000, 0x00000000c9300000|  0%| F|  |TAMS 0x00000000c9200000, 0x00000000c9200000| Untracked 
|   5|0x00000000c9300000, 0x00000000c9300000, 0x00000000c9400000|  0%| F|  |TAMS 0x00000000c9300000, 0x00000000c9300000| Untracked 
|   6|0x00000000c9400000, 0x00000000c9400000, 0x00000000c9500000|  0%| F|  |TAMS 0x00000000c9400000, 0x00000000c9400000| Untracked 
|   7|0x00000000c9500000, 0x00000000c9500000, 0x00000000c9600000|  0%| F|  |TAMS 0x00000000c9500000, 0x00000000c9500000| Untracked 
|   8|0x00000000c9600000, 0x00000000c9600000, 0x00000000c9700000|  0%| F|  |TAMS 0x00000000c9600000, 0x00000000c9600000| Untracked 
|   9|0x00000000c9700000, 0x00000000c9700000, 0x00000000c9800000|  0%| F|  |TAMS 0x00000000c9700000, 0x00000000c9700000| Untracked 
|  10|0x00000000c9800000, 0x00000000c9800000, 0x00000000c9900000|  0%| F|  |TAMS 0x00000000c9800000, 0x00000000c9800000| Untracked 
|  11|0x00000000c9900000, 0x00000000c9900000, 0x00000000c9a00000|  0%| F|  |TAMS 0x00000000c9900000, 0x00000000c9900000| Untracked 
|  12|0x00000000c9a00000, 0x00000000c9a00000, 0x00000000c9b00000|  0%| F|  |TAMS 0x00000000c9a00000, 0x00000000c9a00000| Untracked 
|  13|0x00000000c9b00000, 0x00000000c9b00000, 0x00000000c9c00000|  0%| F|  |TAMS 0x00000000c9b00000, 0x00000000c9b00000| Untracked 
|  14|0x00000000c9c00000, 0x00000000c9c00000, 0x00000000c9d00000|  0%| F|  |TAMS 0x00000000c9c00000, 0x00000000c9c00000| Untracked 
|  15|0x00000000c9d00000, 0x00000000c9d00000, 0x00000000c9e00000|  0%| F|  |TAMS 0x00000000c9d00000, 0x00000000c9d00000| Untracked 
|  16|0x00000000c9e00000, 0x00000000c9e00000, 0x00000000c9f00000|  0%| F|  |TAMS 0x00000000c9e00000, 0x00000000c9e00000| Untracked 
|  17|0x00000000c9f00000, 0x00000000c9f00000, 0x00000000ca000000|  0%| F|  |TAMS 0x00000000c9f00000, 0x00000000c9f00000| Untracked 
|  18|0x00000000ca000000, 0x00000000ca000000, 0x00000000ca100000|  0%| F|  |TAMS 0x00000000ca000000, 0x00000000ca000000| Untracked 
|  19|0x00000000ca100000, 0x00000000ca100000, 0x00000000ca200000|  0%| F|  |TAMS 0x00000000ca100000, 0x00000000ca100000| Untracked 
|  20|0x00000000ca200000, 0x00000000ca200000, 0x00000000ca300000|  0%| F|  |TAMS 0x00000000ca200000, 0x00000000ca200000| Untracked 
|  21|0x00000000ca300000, 0x00000000ca300000, 0x00000000ca400000|  0%| F|  |TAMS 0x00000000ca300000, 0x00000000ca300000| Untracked 
|  22|0x00000000ca400000, 0x00000000ca400000, 0x00000000ca500000|  0%| F|  |TAMS 0x00000000ca400000, 0x00000000ca400000| Untracked 
|  23|0x00000000ca500000, 0x00000000ca500000, 0x00000000ca600000|  0%| F|  |TAMS 0x00000000ca500000, 0x00000000ca500000| Untracked 
|  24|0x00000000ca600000, 0x00000000ca600000, 0x00000000ca700000|  0%| F|  |TAMS 0x00000000ca600000, 0x00000000ca600000| Untracked 
|  25|0x00000000ca700000, 0x00000000ca700000, 0x00000000ca800000|  0%| F|  |TAMS 0x00000000ca700000, 0x00000000ca700000| Untracked 
|  26|0x00000000ca800000, 0x00000000ca800000, 0x00000000ca900000|  0%| F|  |TAMS 0x00000000ca800000, 0x00000000ca800000| Untracked 
|  27|0x00000000ca900000, 0x00000000ca900000, 0x00000000caa00000|  0%| F|  |TAMS 0x00000000ca900000, 0x00000000ca900000| Untracked 
|  28|0x00000000caa00000, 0x00000000caa00000, 0x00000000cab00000|  0%| F|  |TAMS 0x00000000caa00000, 0x00000000caa00000| Untracked 
|  29|0x00000000cab00000, 0x00000000cab00000, 0x00000000cac00000|  0%| F|  |TAMS 0x00000000cab00000, 0x00000000cab00000| Untracked 
|  30|0x00000000cac00000, 0x00000000cac00000, 0x00000000cad00000|  0%| F|  |TAMS 0x00000000cac00000, 0x00000000cac00000| Untracked 
|  31|0x00000000cad00000, 0x00000000cad00000, 0x00000000cae00000|  0%| F|  |TAMS 0x00000000cad00000, 0x00000000cad00000| Untracked 
|  32|0x00000000cae00000, 0x00000000cae00000, 0x00000000caf00000|  0%| F|  |TAMS 0x00000000cae00000, 0x00000000cae00000| Untracked 
|  33|0x00000000caf00000, 0x00000000caf00000, 0x00000000cb000000|  0%| F|  |TAMS 0x00000000caf00000, 0x00000000caf00000| Untracked 
|  34|0x00000000cb000000, 0x00000000cb000000, 0x00000000cb100000|  0%| F|  |TAMS 0x00000000cb000000, 0x00000000cb000000| Untracked 
|  35|0x00000000cb100000, 0x00000000cb100000, 0x00000000cb200000|  0%| F|  |TAMS 0x00000000cb100000, 0x00000000cb100000| Untracked 
|  36|0x00000000cb200000, 0x00000000cb200000, 0x00000000cb300000|  0%| F|  |TAMS 0x00000000cb200000, 0x00000000cb200000| Untracked 
|  37|0x00000000cb300000, 0x00000000cb300000, 0x00000000cb400000|  0%| F|  |TAMS 0x00000000cb300000, 0x00000000cb300000| Untracked 
|  38|0x00000000cb400000, 0x00000000cb400000, 0x00000000cb500000|  0%| F|  |TAMS 0x00000000cb400000, 0x00000000cb400000| Untracked 
|  39|0x00000000cb500000, 0x00000000cb500000, 0x00000000cb600000|  0%| F|  |TAMS 0x00000000cb500000, 0x00000000cb500000| Untracked 
|  40|0x00000000cb600000, 0x00000000cb600000, 0x00000000cb700000|  0%| F|  |TAMS 0x00000000cb600000, 0x00000000cb600000| Untracked 
|  41|0x00000000cb700000, 0x00000000cb700000, 0x00000000cb800000|  0%| F|  |TAMS 0x00000000cb700000, 0x00000000cb700000| Untracked 
|  42|0x00000000cb800000, 0x00000000cb800000, 0x00000000cb900000|  0%| F|  |TAMS 0x00000000cb800000, 0x00000000cb800000| Untracked 
|  43|0x00000000cb900000, 0x00000000cb900000, 0x00000000cba00000|  0%| F|  |TAMS 0x00000000cb900000, 0x00000000cb900000| Untracked 
|  44|0x00000000cba00000, 0x00000000cba00000, 0x00000000cbb00000|  0%| F|  |TAMS 0x00000000cba00000, 0x00000000cba00000| Untracked 
|  45|0x00000000cbb00000, 0x00000000cbb00000, 0x00000000cbc00000|  0%| F|  |TAMS 0x00000000cbb00000, 0x00000000cbb00000| Untracked 
|  46|0x00000000cbc00000, 0x00000000cbc00000, 0x00000000cbd00000|  0%| F|  |TAMS 0x00000000cbc00000, 0x00000000cbc00000| Untracked 
|  47|0x00000000cbd00000, 0x00000000cbd00000, 0x00000000cbe00000|  0%| F|  |TAMS 0x00000000cbd00000, 0x00000000cbd00000| Untracked 
|  48|0x00000000cbe00000, 0x00000000cbe00000, 0x00000000cbf00000|  0%| F|  |TAMS 0x00000000cbe00000, 0x00000000cbe00000| Untracked 
|  49|0x00000000cbf00000, 0x00000000cbf00000, 0x00000000cc000000|  0%| F|  |TAMS 0x00000000cbf00000, 0x00000000cbf00000| Untracked 
|  50|0x00000000cc000000, 0x00000000cc000000, 0x00000000cc100000|  0%| F|  |TAMS 0x00000000cc000000, 0x00000000cc000000| Untracked 
|  51|0x00000000cc100000, 0x00000000cc100000, 0x00000000cc200000|  0%| F|  |TAMS 0x00000000cc100000, 0x00000000cc100000| Untracked 
|  52|0x00000000cc200000, 0x00000000cc200000, 0x00000000cc300000|  0%| F|  |TAMS 0x00000000cc200000, 0x00000000cc200000| Untracked 
|  53|0x00000000cc300000, 0x00000000cc300000, 0x00000000cc400000|  0%| F|  |TAMS 0x00000000cc300000, 0x00000000cc300000| Untracked 
|  54|0x00000000cc400000, 0x00000000cc400000, 0x00000000cc500000|  0%| F|  |TAMS 0x00000000cc400000, 0x00000000cc400000| Untracked 
|  55|0x00000000cc500000, 0x00000000cc51ebf0, 0x00000000cc600000| 12%| E|  |TAMS 0x00000000cc500000, 0x00000000cc500000| Complete 

Card table byte_map: [0x000001ceca800000,0x000001ceca9c0000] _byte_map_base: 0x000001ceca1b9000

Marking Bits (Prev, Next): (CMBitMap*) 0x000001cecaab9370, (CMBitMap*) 0x000001cecaab93b0
 Prev Bits: [0x000001cedd310000, 0x000001cede0d8000)
 Next Bits: [0x000001cede0e0000, 0x000001cedeea8000)

Polling page: 0x000001cec88f0000

Metaspace:

Usage:
  Non-class:      1.31 MB used.
      Class:    111.56 KB used.
       Both:      1.42 MB used.

Virtual space:
  Non-class space:       64.00 MB reserved,       1.31 MB (  2%) committed,  1 nodes.
      Class space:        1.00 GB reserved,     128.00 KB ( <1%) committed,  1 nodes.
             Both:        1.06 GB reserved,       1.44 MB ( <1%) committed. 

Chunk freelists:
   Non-Class:  12.00 MB
       Class:  15.75 MB
        Both:  27.75 MB

MaxMetaspaceSize: unlimited
CompressedClassSpaceSize: 1.00 GB
Initial GC threshold: 21.00 MB
Current GC threshold: 17179869184.00 GB
CDS: off
MetaspaceReclaimPolicy: balanced
 - commit_granule_bytes: 65536.
 - commit_granule_words: 8192.
 - virtual_space_node_default_size: 8388608.
 - enlarge_chunks_in_place: 1.
 - new_chunks_are_fully_committed: 0.
 - uncommit_free_chunks: 1.
 - use_allocation_guard: 0.
 - handle_deallocations: 1.


Internal statistics:

num_allocs_failed_limit: 0.
num_arena_births: 2.
num_arena_deaths: 0.
num_vsnodes_births: 2.
num_vsnodes_deaths: 0.
num_space_committed: 23.
num_space_uncommitted: 0.
num_chunks_returned_to_freelist: 0.
num_chunks_taken_from_freelist: 3.
num_chunk_merges: 0.
num_chunk_splits: 2.
num_chunks_enlarged: 0.
num_inconsistent_stats: 0.

CodeHeap 'non-profiled nmethods': size=120064Kb used=0Kb max_used=0Kb free=120064Kb
 bounds [0x000001ced5c10000, 0x000001ced5e80000, 0x000001cedd150000]
CodeHeap 'profiled nmethods': size=120000Kb used=0Kb max_used=0Kb free=120000Kb
 bounds [0x000001cece150000, 0x000001cece3c0000, 0x000001ced5680000]
CodeHeap 'non-nmethods': size=5696Kb used=329Kb max_used=354Kb free=5366Kb
 bounds [0x000001ced5680000, 0x000001ced58f0000, 0x000001ced5c10000]
 total_blobs=107 nmethods=0 adapters=80
 compilation: enabled
              stopped_count=0, restarted_count=0
 full_count=0

Compilation events (0 events):
No events

GC Heap History (0 events):
No events

Dll operation events (1 events):
Event: 0.041 Loaded shared library C:\Users\johan\.p2\pool\plugins\org.eclipse.justj.openjdk.hotspot.jre.full.win32.x86_64_17.0.10.v20240120-1143\jre\bin\java.dll

Deoptimization events (0 events):
No events

Classes unloaded (0 events):
No events

Classes redefined (0 events):
No events

Internal exceptions (0 events):
No events

VM Operations (0 events):
No events

Events (20 events):
Event: 0.126 loading class java/io/ObjectStreamField done
Event: 0.126 loading class java/lang/String$CaseInsensitiveComparator
Event: 0.126 loading class java/util/Comparator
Event: 0.126 loading class java/util/Comparator done
Event: 0.126 loading class java/lang/String$CaseInsensitiveComparator done
Event: 0.128 loading class java/lang/Module$ArchivedData
Event: 0.128 loading class java/lang/Module$ArchivedData done
Event: 0.128 loading class jdk/internal/misc/CDS
Event: 0.128 loading class jdk/internal/misc/CDS done
Event: 0.129 loading class java/util/Set
Event: 0.129 loading class java/util/Set done
Event: 0.129 loading class java/util/ImmutableCollections$Set12
Event: 0.129 loading class java/util/ImmutableCollections$AbstractImmutableSet
Event: 0.129 loading class java/util/ImmutableCollections$AbstractImmutableCollection
Event: 0.129 loading class java/util/ImmutableCollections$AbstractImmutableCollection done
Event: 0.130 loading class java/util/ImmutableCollections$AbstractImmutableSet done
Event: 0.130 loading class java/util/ImmutableCollections$Set12 done
Event: 0.130 loading class java/util/Objects
Event: 0.130 loading class java/util/Objects done
Event: 0.130 loading class java/util/ImmutableCollections


Dynamic libraries:
0x00007ff72faf0000 - 0x00007ff72fafe000 	C:\Users\johan\.p2\pool\plugins\org.eclipse.justj.openjdk.hotspot.jre.full.win32.x86_64_17.0.10.v20240120-1143\jre\bin\javaw.exe
0x00007ffeb4df0000 - 0x00007ffeb4fe8000 	C:\WINDOWS\SYSTEM32\ntdll.dll
0x00007ffe90810000 - 0x00007ffe90829000 	C:\Program Files\Avast Software\Avast\aswhook.dll
0x00007ffeb3590000 - 0x00007ffeb364d000 	C:\WINDOWS\System32\KERNEL32.DLL
0x00007ffeb25a0000 - 0x00007ffeb2896000 	C:\WINDOWS\System32\KERNELBASE.dll
0x00007ffeb24a0000 - 0x00007ffeb25a0000 	C:\WINDOWS\System32\ucrtbase.dll
0x00007ffeac850000 - 0x00007ffeac867000 	C:\Users\johan\.p2\pool\plugins\org.eclipse.justj.openjdk.hotspot.jre.full.win32.x86_64_17.0.10.v20240120-1143\jre\bin\jli.dll
0x00007ffeb3780000 - 0x00007ffeb391f000 	C:\WINDOWS\System32\USER32.dll
0x00007ffeb2df0000 - 0x00007ffeb2e12000 	C:\WINDOWS\System32\win32u.dll
0x00007ffeb4020000 - 0x00007ffeb404b000 	C:\WINDOWS\System32\GDI32.dll
0x00007ffeb2b80000 - 0x00007ffeb2c97000 	C:\WINDOWS\System32\gdi32full.dll
0x00007ffeb2a00000 - 0x00007ffeb2a9d000 	C:\WINDOWS\System32\msvcp_win.dll
0x00007ffeac830000 - 0x00007ffeac84b000 	C:\Users\johan\.p2\pool\plugins\org.eclipse.justj.openjdk.hotspot.jre.full.win32.x86_64_17.0.10.v20240120-1143\jre\bin\VCRUNTIME140.dll
0x00007ffe98d60000 - 0x00007ffe98ffa000 	C:\WINDOWS\WinSxS\amd64_microsoft.windows.common-controls_6595b64144ccf1df_6.0.19041.3636_none_60b6a03d71f818d5\COMCTL32.dll
0x00007ffeb3210000 - 0x00007ffeb32ae000 	C:\WINDOWS\System32\msvcrt.dll
0x00007ffeb3c20000 - 0x00007ffeb3c52000 	C:\WINDOWS\System32\IMM32.DLL
0x00007ffeae340000 - 0x00007ffeae34c000 	C:\Users\johan\.p2\pool\plugins\org.eclipse.justj.openjdk.hotspot.jre.full.win32.x86_64_17.0.10.v20240120-1143\jre\bin\vcruntime140_1.dll
0x00007ffe781c0000 - 0x00007ffe7824d000 	C:\Users\johan\.p2\pool\plugins\org.eclipse.justj.openjdk.hotspot.jre.full.win32.x86_64_17.0.10.v20240120-1143\jre\bin\msvcp140.dll
0x00007ffe240f0000 - 0x00007ffe24d52000 	C:\Users\johan\.p2\pool\plugins\org.eclipse.justj.openjdk.hotspot.jre.full.win32.x86_64_17.0.10.v20240120-1143\jre\bin\server\jvm.dll
0x00007ffeb3b70000 - 0x00007ffeb3c20000 	C:\WINDOWS\System32\ADVAPI32.dll
0x00007ffeb3d20000 - 0x00007ffeb3dc0000 	C:\WINDOWS\System32\sechost.dll
0x00007ffeb3460000 - 0x00007ffeb3583000 	C:\WINDOWS\System32\RPCRT4.dll
0x00007ffeb2dc0000 - 0x00007ffeb2de7000 	C:\WINDOWS\System32\bcrypt.dll
0x00007ffeb2300000 - 0x00007ffeb234b000 	C:\WINDOWS\SYSTEM32\POWRPROF.dll
0x00007ffea0440000 - 0x00007ffea0467000 	C:\WINDOWS\SYSTEM32\WINMM.dll
0x00007ffea81f0000 - 0x00007ffea81fa000 	C:\WINDOWS\SYSTEM32\VERSION.dll
0x00007ffe9ccc0000 - 0x00007ffe9ccc9000 	C:\WINDOWS\SYSTEM32\WSOCK32.dll
0x00007ffeb3b00000 - 0x00007ffeb3b6b000 	C:\WINDOWS\System32\WS2_32.dll
0x00007ffeb22e0000 - 0x00007ffeb22f2000 	C:\WINDOWS\SYSTEM32\UMPDC.dll
0x00007ffeb0330000 - 0x00007ffeb0342000 	C:\WINDOWS\SYSTEM32\kernel.appcore.dll
0x00007ffeacf30000 - 0x00007ffeacf3a000 	C:\Users\johan\.p2\pool\plugins\org.eclipse.justj.openjdk.hotspot.jre.full.win32.x86_64_17.0.10.v20240120-1143\jre\bin\jimage.dll
0x00007ffeaad40000 - 0x00007ffeaaf24000 	C:\WINDOWS\SYSTEM32\DBGHELP.DLL
0x00007ffea9250000 - 0x00007ffea9284000 	C:\WINDOWS\SYSTEM32\dbgcore.DLL
0x00007ffeb2aa0000 - 0x00007ffeb2b22000 	C:\WINDOWS\System32\bcryptPrimitives.dll
0x00007ffea22b0000 - 0x00007ffea22d5000 	C:\Users\johan\.p2\pool\plugins\org.eclipse.justj.openjdk.hotspot.jre.full.win32.x86_64_17.0.10.v20240120-1143\jre\bin\java.dll
0x00007ffea8fc0000 - 0x00007ffea8fd8000 	C:\Users\johan\.p2\pool\plugins\org.eclipse.justj.openjdk.hotspot.jre.full.win32.x86_64_17.0.10.v20240120-1143\jre\bin\zip.dll

dbghelp: loaded successfully - version: 4.0.5 - missing functions: none
symbol engine: initialized successfully - sym options: 0x614 - pdb path: .;C:\Users\johan\.p2\pool\plugins\org.eclipse.justj.openjdk.hotspot.jre.full.win32.x86_64_17.0.10.v20240120-1143\jre\bin;C:\WINDOWS\SYSTEM32;C:\Program Files\Avast Software\Avast;C:\WINDOWS\WinSxS\amd64_microsoft.windows.common-controls_6595b64144ccf1df_6.0.19041.3636_none_60b6a03d71f818d5;C:\Users\johan\.p2\pool\plugins\org.eclipse.justj.openjdk.hotspot.jre.full.win32.x86_64_17.0.10.v20240120-1143\jre\bin\server

VM Arguments:
jvm_args: -Dfile.encoding=UTF-8 -Dstdout.encoding=UTF-8 -Dstderr.encoding=UTF-8 --module-path=C:\Users\johan\eclipse-workspace\cajero\bin -XX:+ShowCodeDetailsInExceptionMessages -Djdk.module.main=Ejercicio_Cajero 
java_command: Ejercicio_Cajero/ejejijio.Aplication
java_class_path (initial): <not set>
Launcher Type: SUN_STANDARD

[Global flags]
     intx CICompilerCount                          = 2                                         {product} {ergonomic}
     uint ConcGCThreads                            = 1                                         {product} {ergonomic}
     uint G1ConcRefinementThreads                  = 2                                         {product} {ergonomic}
   size_t G1HeapRegionSize                         = 1048576                                   {product} {ergonomic}
    uintx GCDrainStackTargetSize                   = 64                                        {product} {ergonomic}
   size_t InitialHeapSize                          = 58720256                                  {product} {ergonomic}
   size_t MarkStackSize                            = 4194304                                   {product} {ergonomic}
   size_t MaxHeapSize                              = 924844032                                 {product} {ergonomic}
   size_t MaxNewSize                               = 554696704                                 {product} {ergonomic}
   size_t MinHeapDeltaBytes                        = 1048576                                   {product} {ergonomic}
   size_t MinHeapSize                              = 8388608                                   {product} {ergonomic}
    uintx NonNMethodCodeHeapSize                   = 5826188                                {pd product} {ergonomic}
    uintx NonProfiledCodeHeapSize                  = 122916026                              {pd product} {ergonomic}
    uintx ProfiledCodeHeapSize                     = 122916026                              {pd product} {ergonomic}
    uintx ReservedCodeCacheSize                    = 251658240                              {pd product} {ergonomic}
     bool SegmentedCodeCache                       = true                                      {product} {ergonomic}
     bool ShowCodeDetailsInExceptionMessages       = true                                   {manageable} {command line}
   size_t SoftMaxHeapSize                          = 924844032                              {manageable} {ergonomic}
     bool UseCompressedClassPointers               = true                           {product lp64_product} {ergonomic}
     bool UseCompressedOops                        = true                           {product lp64_product} {ergonomic}
     bool UseG1GC                                  = true                                      {product} {ergonomic}
     bool UseLargePagesIndividualAllocation        = false                                  {pd product} {ergonomic}

Logging:
Log output configuration:
 #0: stdout all=warning uptime,level,tags
 #1: stderr all=off uptime,level,tags

Environment Variables:
PATH=C:/Users/johan/.p2/pool/plugins/org.eclipse.justj.openjdk.hotspot.jre.full.win32.x86_64_17.0.10.v20240120-1143/jre/bin/server;C:/Users/johan/.p2/pool/plugins/org.eclipse.justj.openjdk.hotspot.jre.full.win32.x86_64_17.0.10.v20240120-1143/jre/bin;C:\Program Files (x86)\Common Files\Oracle\Java\javapath;C:\ProgramData\Oracle\Java\javapath;C:\WINDOWS\system32;C:\WINDOWS;C:\WINDOWS\System32\Wbem;C:\WINDOWS\System32\WindowsPowerShell\v1.0\;C:\WINDOWS\System32\OpenSSH\;C:\Program Files\MATLAB\R2024a\bin;C:\Program Files\MATLAB\R2021b\bin;C:\Program Files\Git\cmd;C:\Program Files\HP\HP One Agent;C:\Users\johan\AppData\Local\Microsoft\WindowsApps;;C:\Users\johan\OneDrive\Escritorio;
USERNAME=johan
OS=Windows_NT
PROCESSOR_IDENTIFIER=AMD64 Family 23 Model 32 Stepping 1, AuthenticAMD
TMP=C:\Users\johan\AppData\Local\Temp
TEMP=C:\Users\johan\AppData\Local\Temp



Periodic native trim disabled


---------------  S Y S T E M  ---------------

OS:
 Windows 10 , 64 bit Build 19041 (10.0.19041.3636)
OS uptime: 5 days 22:22 hours

CPU: total 2 (initial active 2) (2 cores per cpu, 1 threads per core) family 23 model 32 stepping 1 microcode 0x0, cx8, cmov, fxsr, mmx, 3dnowpref, sse, sse2, sse3, ssse3, sse4a, sse4.1, sse4.2, popcnt, lzcnt, tsc, tscinvbit, avx, avx2, aes, clmul, bmi1, bmi2, adx, sha, fma, vzeroupper, clflush, clflushopt
Processor Information for all 2 processors :
  Max Mhz: 1200, Current Mhz: 1200, Mhz Limit: 1200

Memory: 4k page, system-wide physical 3526M (209M free)
TotalPageFile size 14278M (AvailPageFile size 2M)
current process WorkingSet (physical memory assigned to process): 17M, peak: 17M
current process commit charge ("private bytes"): 109M, peak: 109M

vm_info: OpenJDK 64-Bit Server VM (17.0.10+7) for windows-amd64 JRE (17.0.10+7), built on Jan 16 2024 23:25:11 by "admin" with MS VC++ 16.10 / 16.11 (VS2019)

END.
